 Parameter mdl_lambda           has been read with value 1.000000e+03        
 Parameter mdl_cosa             has been read with value 6.12323399574e-17   
 Parameter mdl_ksm              has been read with value 1.000000e+00        
 Parameter mdl_khll             has been read with value 1.000000e+00        
 Parameter mdl_kall             has been read with value 1.000000e+00        
 Parameter mdl_khaa             has been read with value 1.000000e+00        
 Parameter mdl_kaaa             has been read with value 1.000000e+00        
 Parameter mdl_khza             has been read with value 1.000000e+00        
 Parameter mdl_kaza             has been read with value 1.000000e+00        
 Parameter mdl_khgg             has been read with value 1.000000e+00        
 Parameter mdl_kagg             has been read with value 1.000000e+00        
 Parameter mdl_khzz             has been read with value 0.000000e+00        
 Parameter mdl_kazz             has been read with value 0.000000e+00        
 Parameter mdl_khww             has been read with value 0.000000e+00        
 Parameter mdl_kaww             has been read with value 0.000000e+00        
 Parameter mdl_khda             has been read with value 0.000000e+00        
 Parameter mdl_khdz             has been read with value 0.000000e+00        
 Parameter mdl_khdwr            has been read with value 0.000000e+00        
 Parameter mdl_khdwi            has been read with value 0.000000e+00        
 Parameter mu_r                 has been read with value 9.118800e+01        
 Parameter aewm1                has been read with value 1.325070e+02        
 Parameter mdl_gf               has been read with value 1.166390e-05        
 Parameter as                   has been read with value 1.180000e-01        
 Parameter mdl_mt               has been read with value 1.730000e+02        
 Parameter mdl_mta              has been read with value 1.777000e+00        
 Parameter mdl_mz               has been read with value 9.118800e+01        
 Parameter mdl_mx0              has been read with value 1.250000e+02        
 Parameter mdl_ymtau            has been read with value 1.777000e+00        
 Parameter mdl_wt               has been read with value 1.491500e+00        
 Parameter mdl_wz               has been read with value 2.441404e+00        
 Parameter mdl_ww               has been read with value 2.047600e+00        
 Parameter mdl_wx0              has been read with value 4.070000e-03        
